[2025-07-28T07:51:37.167+0000] {local_task_job_runner.py:120} INFO - ::group::Pre task execution logs
[2025-07-28T07:51:37.196+0000] {taskinstance.py:2076} INFO - Dependencies all met for dep_context=non-requeueable deps ti=<TaskInstance: dag_ccccccccccccccc.extract_data_task scheduled__2025-06-25T00:00:00+00:00 [queued]>
[2025-07-28T07:51:37.203+0000] {taskinstance.py:2076} INFO - Dependencies all met for dep_context=requeueable deps ti=<TaskInstance: dag_ccccccccccccccc.extract_data_task scheduled__2025-06-25T00:00:00+00:00 [queued]>
[2025-07-28T07:51:37.203+0000] {taskinstance.py:2306} INFO - Starting attempt 1 of 1
[2025-07-28T07:51:37.332+0000] {taskinstance.py:2330} INFO - Executing <Task(PythonOperator): extract_data_task> on 2025-06-25 00:00:00+00:00
[2025-07-28T07:51:37.342+0000] {logging_mixin.py:188} WARNING - /home/***/.local/lib/python3.12/site-packages/***/task/task_runner/standard_task_runner.py:61 DeprecationWarning: This process (pid=10347) is multi-threaded, use of fork() may lead to deadlocks in the child.
[2025-07-28T07:51:37.341+0000] {standard_task_runner.py:90} INFO - Running: ['***', 'tasks', 'run', 'dag_ccccccccccccccc', 'extract_data_task', 'scheduled__2025-06-25T00:00:00+00:00', '--job-id', '29', '--raw', '--subdir', 'DAGS_FOLDER/dag_generator_python.py', '--cfg-path', '/tmp/tmpupf8esqg']
[2025-07-28T07:51:37.342+0000] {standard_task_runner.py:63} INFO - Started process 10349 to run task
[2025-07-28T07:51:37.342+0000] {standard_task_runner.py:91} INFO - Job 29: Subtask extract_data_task
[2025-07-28T07:51:37.384+0000] {task_command.py:426} INFO - Running <TaskInstance: dag_ccccccccccccccc.extract_data_task scheduled__2025-06-25T00:00:00+00:00 [running]> on host 1171f9d2ced8
[2025-07-28T07:51:37.473+0000] {taskinstance.py:2648} INFO - Exporting env vars: AIRFLOW_CTX_DAG_OWNER='***' AIRFLOW_CTX_DAG_ID='dag_ccccccccccccccc' AIRFLOW_CTX_TASK_ID='extract_data_task' AIRFLOW_CTX_EXECUTION_DATE='2025-06-25T00:00:00+00:00' AIRFLOW_CTX_TRY_NUMBER='1' AIRFLOW_CTX_DAG_RUN_ID='scheduled__2025-06-25T00:00:00+00:00'
[2025-07-28T07:51:37.474+0000] {taskinstance.py:430} INFO - ::endgroup::
[2025-07-28T07:51:37.484+0000] {logging_mixin.py:188} INFO - 2222222222222222222222222222222222222
[2025-07-28T07:51:37.485+0000] {logging_mixin.py:188} INFO - 3f2a4b93-b237-4545-bd50-5004d863567c.csv
[2025-07-28T07:51:37.485+0000] {taskinstance.py:441} INFO - ::group::Post task execution logs
[2025-07-28T07:51:37.485+0000] {taskinstance.py:2905} ERROR - Task failed with exception
Traceback (most recent call last):
  File "/home/airflow/.local/lib/python3.12/site-packages/airflow/models/taskinstance.py", line 465, in _execute_task
    result = _execute_callable(context=context, **execute_callable_kwargs)
             ^^^^^^^^^^^^^^^^^^^^^^^^^^^^^^^^^^^^^^^^^^^^^^^^^^^^^^^^^^^^^
  File "/home/airflow/.local/lib/python3.12/site-packages/airflow/models/taskinstance.py", line 432, in _execute_callable
    return execute_callable(context=context, **execute_callable_kwargs)
           ^^^^^^^^^^^^^^^^^^^^^^^^^^^^^^^^^^^^^^^^^^^^^^^^^^^^^^^^^^^^
  File "/home/airflow/.local/lib/python3.12/site-packages/airflow/models/baseoperator.py", line 401, in wrapper
    return func(self, *args, **kwargs)
           ^^^^^^^^^^^^^^^^^^^^^^^^^^^
  File "/home/airflow/.local/lib/python3.12/site-packages/airflow/operators/python.py", line 235, in execute
    return_value = self.execute_callable()
                   ^^^^^^^^^^^^^^^^^^^^^^^
  File "/home/airflow/.local/lib/python3.12/site-packages/airflow/operators/python.py", line 252, in execute_callable
    return self.python_callable(*self.op_args, **self.op_kwargs)
           ^^^^^^^^^^^^^^^^^^^^^^^^^^^^^^^^^^^^^^^^^^^^^^^^^^^^^
  File "/opt/airflow/dags/processor/__init__.py", line 20, in extract_data
    processed_df = func(**algo_kwargs)
                   ^^^^^^^^^^^^^^^^^^^
  File "/opt/airflow/dags/processor/extract/readCSV.py", line 5, in test_csv
    input_path = Path('/opt/airflow/data/input') / input_filename
                 ^^^^
NameError: name 'Path' is not defined
[2025-07-28T07:51:37.493+0000] {taskinstance.py:1206} INFO - Marking task as FAILED. dag_id=dag_ccccccccccccccc, task_id=extract_data_task, run_id=scheduled__2025-06-25T00:00:00+00:00, execution_date=20250625T000000, start_date=20250728T075137, end_date=20250728T075137
[2025-07-28T07:51:37.502+0000] {standard_task_runner.py:110} ERROR - Failed to execute job 29 for task extract_data_task (name 'Path' is not defined; 10349)
[2025-07-28T07:51:37.516+0000] {local_task_job_runner.py:240} INFO - Task exited with return code 1
[2025-07-28T07:51:37.531+0000] {taskinstance.py:3503} INFO - 0 downstream tasks scheduled from follow-on schedule check
[2025-07-28T07:51:37.536+0000] {local_task_job_runner.py:222} INFO - ::endgroup::
